
**** Clean-only build of configuration Debug for project uart_echo ****

"C:\\ti\\ccsv6\\utils\\bin\\gmake" -k clean 
DEL /F  "uart_echo.out"  "uart_echo.bin" 
DEL /F "startup_ccs.pp" "uart_echo.pp" 
DEL /F "startup_ccs.obj" "uart_echo.obj" 
Could Not Find C:\Users\Rafael\SENIOR_DESIGN\SMART_Software\CCS_PROJECTS\TIVA_C_EXAMPLES\uart_echo\Debug\startup_ccs.obj
'Finished clean'
' '

**** Build Finished ****

**** Build of configuration Debug for project uart_echo ****

"C:\\ti\\ccsv6\\utils\\bin\\gmake" -k all 
'Building file: ../startup_ccs.c'
'Invoking: ARM Compiler'
"C:/ti/ccsv6/tools/compiler/ti-cgt-arm_5.2.2/bin/armcl" -mv7M4 --code_state=16 --float_support=FPv4SPD16 --abi=eabi -me -O2 --include_path="C:/ti/ccsv6/tools/compiler/ti-cgt-arm_5.2.2/include" --include_path="C:/ti/TivaWare_C_Series-2.1.1.71" -g --gcc --define=ccs="ccs" --define=PART_TM4C123GH6PM --define=TARGET_IS_TM4C123_RB1 --display_error_number --diag_warning=225 --diag_wrap=off --gen_func_subsections=on --ual --preproc_with_compile --preproc_dependency="startup_ccs.pp"  "../startup_ccs.c"
'Finished building: ../startup_ccs.c'
' '
'Building file: ../uart_echo.c'
'Invoking: ARM Compiler'
"C:/ti/ccsv6/tools/compiler/ti-cgt-arm_5.2.2/bin/armcl" -mv7M4 --code_state=16 --float_support=FPv4SPD16 --abi=eabi -me -O2 --include_path="C:/ti/ccsv6/tools/compiler/ti-cgt-arm_5.2.2/include" --include_path="C:/ti/TivaWare_C_Series-2.1.1.71" -g --gcc --define=ccs="ccs" --define=PART_TM4C123GH6PM --define=TARGET_IS_TM4C123_RB1 --display_error_number --diag_warning=225 --diag_wrap=off --gen_func_subsections=on --ual --preproc_with_compile --preproc_dependency="uart_echo.pp"  "../uart_echo.c"
'Finished building: ../uart_echo.c'
' '
'Building target: uart_echo.out'
'Invoking: ARM Linker'
"C:/ti/ccsv6/tools/compiler/ti-cgt-arm_5.2.2/bin/armcl" -mv7M4 --code_state=16 --float_support=FPv4SPD16 --abi=eabi -me -O2 -g --gcc --define=ccs="ccs" --define=PART_TM4C123GH6PM --define=TARGET_IS_TM4C123_RB1 --display_error_number --diag_warning=225 --diag_wrap=off --gen_func_subsections=on --ual -z -m"uart_echo_ccs.map" --heap_size=0 --stack_size=256 -i"C:/ti/ccsv6/tools/compiler/ti-cgt-arm_5.2.2/lib" -i"C:/ti/ccsv6/tools/compiler/ti-cgt-arm_5.2.2/include" --reread_libs --warn_sections --display_error_number --diag_wrap=off --xml_link_info="uart_echo_linkInfo.xml" --rom_model -o "uart_echo.out" "./startup_ccs.obj" "./uart_echo.obj" "../uart_echo_ccs.cmd"  -l"libc.a" -l"C:/ti/TivaWare_C_Series-2.1.1.71/examples/boards/ek-tm4c123gxl/uart_echo/ccs/../../../../../driverlib/ccs/Debug/driverlib.lib" 
<Linking>
'Finished building target: uart_echo.out'
' '
"C:/ti/ccsv6/utils/tiobj2bin/tiobj2bin" "uart_echo.out" "uart_echo.bin" "C:/ti/ccsv6/tools/compiler/ti-cgt-arm_5.2.2/bin/armofd" "C:/ti/ccsv6/tools/compiler/ti-cgt-arm_5.2.2/bin/armhex" "C:/ti/ccsv6/utils/tiobj2bin/mkhex4bin"
' '

**** Build Finished ****

**** Build of configuration Debug for project uart_echo ****

"C:\\ti\\ccsv6\\utils\\bin\\gmake" -k all 
gmake: Nothing to be done for `all'.

**** Build Finished ****
