
**** Build of configuration Debug for project PCC ****

"C:\\ti\\ccsv6\\utils\\bin\\gmake" -k all 
'Building file: ../pcc_cmd_control.c'
'Invoking: MSP430 Compiler'
"C:/ti/ccsv6/tools/compiler/ti-cgt-msp430_4.4.3/bin/cl430" -vmsp --abi=eabi --include_path="C:/ti/ccsv6/ccs_base/msp430/include" --include_path="C:/ti/ccsv6/tools/compiler/ti-cgt-msp430_4.4.3/include" --advice:power=all -g --define=__MSP430G2553__ --diag_warning=225 --display_error_number --diag_wrap=off --printf_support=minimal --preproc_with_compile --preproc_dependency="pcc_cmd_control.pp"  "../pcc_cmd_control.c"
"../pcc_cmd_control.c", line 45: remark #1544-D: (ULP 13.1) Detected loop counting up. Recommend loops count down as detecting zeros is easier
"../pcc_cmd_control.c", line 17: remark #1535-D: (ULP 8.1) variable "servo_stepval" is used as a constant. Recommend declaring variable as either 'static const' or 'const'
"../pcc_cmd_control.c", line 77: remark #1530-D: (ULP 5.1) Detected modulo operation(s). Recommend moving them to RAM during run time or not using as these are processing/power intensive
"../pcc_cmd_control.c", line 155: remark #1527-D: (ULP 2.1) Detected SW delay loop using __delay_cycles. Recommend using a timer module instead
"../pcc_cmd_control.c", line 158: remark #1527-D: (ULP 2.1) Detected SW delay loop using __delay_cycles. Recommend using a timer module instead
"../pcc_cmd_control.c", line 161: remark #1527-D: (ULP 2.1) Detected SW delay loop using __delay_cycles. Recommend using a timer module instead
"../pcc_cmd_control.c", line 164: remark #1527-D: (ULP 2.1) Detected SW delay loop using __delay_cycles. Recommend using a timer module instead
"../pcc_cmd_control.c", line 167: remark #1527-D: (ULP 2.1) Detected SW delay loop using __delay_cycles. Recommend using a timer module instead
'Finished building: ../pcc_cmd_control.c'
' '
'Building file: ../pcc_gpio.c'
'Invoking: MSP430 Compiler'
"C:/ti/ccsv6/tools/compiler/ti-cgt-msp430_4.4.3/bin/cl430" -vmsp --abi=eabi --include_path="C:/ti/ccsv6/ccs_base/msp430/include" --include_path="C:/ti/ccsv6/tools/compiler/ti-cgt-msp430_4.4.3/include" --advice:power=all -g --define=__MSP430G2553__ --diag_warning=225 --display_error_number --diag_wrap=off --printf_support=minimal --preproc_with_compile --preproc_dependency="pcc_gpio.pp"  "../pcc_gpio.c"
"../pcc_gpio.c", line 69: remark #1544-D: (ULP 13.1) Detected loop counting up. Recommend loops count down as detecting zeros is easier
"../pcc_gpio.c", line 72: remark #1527-D: (ULP 2.1) Detected SW delay loop using __delay_cycles. Recommend using a timer module instead
'Finished building: ../pcc_gpio.c'
' '
'Building file: ../pcc_main.c'
'Invoking: MSP430 Compiler'
"C:/ti/ccsv6/tools/compiler/ti-cgt-msp430_4.4.3/bin/cl430" -vmsp --abi=eabi --include_path="C:/ti/ccsv6/ccs_base/msp430/include" --include_path="C:/ti/ccsv6/tools/compiler/ti-cgt-msp430_4.4.3/include" --advice:power=all -g --define=__MSP430G2553__ --diag_warning=225 --display_error_number --diag_wrap=off --printf_support=minimal --preproc_with_compile --preproc_dependency="pcc_main.pp"  "../pcc_main.c"
'Finished building: ../pcc_main.c'
' '
'Building target: PCC.out'
'Invoking: MSP430 Linker'
"C:/ti/ccsv6/tools/compiler/ti-cgt-msp430_4.4.3/bin/cl430" -vmsp --abi=eabi --advice:power=all -g --define=__MSP430G2553__ --diag_warning=225 --display_error_number --diag_wrap=off --printf_support=minimal -z -m"PCC.map" --heap_size=80 --stack_size=80 -i"C:/ti/ccsv6/ccs_base/msp430/include" -i"C:/ti/ccsv6/tools/compiler/ti-cgt-msp430_4.4.3/lib" -i"C:/ti/ccsv6/tools/compiler/ti-cgt-msp430_4.4.3/include" --reread_libs --warn_sections --display_error_number --diag_wrap=off --xml_link_info="PCC_linkInfo.xml" --rom_model -o "PCC.out" "./pcc_cmd_control.obj" "./pcc_gpio.obj" "./pcc_main.obj" "./pcc_uart_comm.obj" "../lnk_msp430g2553.cmd"  -l"libc.a" 
<Linking>
remark #10371-D: (ULP 1.1) Detected no uses of low power mode state changing instructions
remark #10372-D: (ULP 4.1) Detected uninitialized Port 3 in this project. Recommend initializing all unused ports to eliminate wasted current consumption on unused pins.
'Finished building target: PCC.out'
' '

**** Build Finished ****
